Starting Experiment
Experiment Path: experiments\exp_008_unetpp_v1
Epoch 000 | LR: 1.00e-04 | Loss: 1.4541 | Dice: 0.9235 | CE: 0.5283 | Focal: 0.0045
Epoch 001 | LR: 1.00e-04 | Loss: 1.0671 | Dice: 0.8413 | CE: 0.2246 | Focal: 0.0024
Epoch 002 | LR: 1.00e-04 | Loss: 0.9260 | Dice: 0.7620 | CE: 0.1629 | Focal: 0.0023
Epoch 003 | LR: 9.99e-05 | Loss: 0.8481 | Dice: 0.7048 | CE: 0.1422 | Focal: 0.0023
Epoch 004 | LR: 9.99e-05 | Loss: 0.7881 | Dice: 0.6624 | CE: 0.1246 | Focal: 0.0021
Epoch 005 | LR: 9.98e-05 | Loss: 0.7485 | Dice: 0.6346 | CE: 0.1129 | Focal: 0.0020
Epoch 006 | LR: 9.98e-05 | Loss: 0.7219 | Dice: 0.6124 | CE: 0.1086 | Focal: 0.0019
Epoch 007 | LR: 9.97e-05 | Loss: 0.7003 | Dice: 0.5947 | CE: 0.1047 | Focal: 0.0019
Epoch 008 | LR: 9.96e-05 | Loss: 0.6872 | Dice: 0.5825 | CE: 0.1038 | Focal: 0.0019
Epoch 009 | LR: 9.95e-05 | Loss: 0.6723 | Dice: 0.5711 | CE: 0.1003 | Focal: 0.0019
Epoch 010 | LR: 9.94e-05 | Loss: 0.6624 | Dice: 0.5669 | CE: 0.0946 | Focal: 0.0018
Epoch 011 | LR: 9.93e-05 | Loss: 0.6574 | Dice: 0.5613 | CE: 0.0952 | Focal: 0.0018
Epoch 012 | LR: 9.91e-05 | Loss: 0.6406 | Dice: 0.5468 | CE: 0.0930 | Focal: 0.0018
Epoch 013 | LR: 9.90e-05 | Loss: 0.6368 | Dice: 0.5465 | CE: 0.0895 | Focal: 0.0016
Epoch 014 | LR: 9.88e-05 | Loss: 0.6370 | Dice: 0.5499 | CE: 0.0864 | Focal: 0.0016
Epoch 015 | LR: 9.86e-05 | Loss: 0.6236 | Dice: 0.5374 | CE: 0.0853 | Focal: 0.0016
Epoch 016 | LR: 9.84e-05 | Loss: 0.6219 | Dice: 0.5333 | CE: 0.0878 | Focal: 0.0017
Epoch 017 | LR: 9.82e-05 | Loss: 0.6119 | Dice: 0.5309 | CE: 0.0803 | Focal: 0.0015
Epoch 018 | LR: 9.80e-05 | Loss: 0.6216 | Dice: 0.5386 | CE: 0.0822 | Focal: 0.0015
Epoch 019 | LR: 9.78e-05 | Loss: 0.6042 | Dice: 0.5230 | CE: 0.0804 | Focal: 0.0015
Epoch 020 | LR: 9.76e-05 | Loss: 0.5918 | Dice: 0.5111 | CE: 0.0800 | Focal: 0.0015
Epoch 021 | LR: 9.73e-05 | Loss: 0.5988 | Dice: 0.5202 | CE: 0.0779 | Focal: 0.0015
Epoch 022 | LR: 9.71e-05 | Loss: 0.5911 | Dice: 0.5146 | CE: 0.0758 | Focal: 0.0014
Epoch 023 | LR: 9.68e-05 | Loss: 0.5945 | Dice: 0.5173 | CE: 0.0765 | Focal: 0.0014
Epoch 024 | LR: 9.65e-05 | Loss: 0.5884 | Dice: 0.5131 | CE: 0.0745 | Focal: 0.0014
Epoch 025 | LR: 9.62e-05 | Loss: 0.5831 | Dice: 0.5119 | CE: 0.0705 | Focal: 0.0013
Epoch 026 | LR: 9.59e-05 | Loss: 0.5795 | Dice: 0.5046 | CE: 0.0742 | Focal: 0.0014
Epoch 027 | LR: 9.56e-05 | Loss: 0.5762 | Dice: 0.5044 | CE: 0.0712 | Focal: 0.0013
Epoch 028 | LR: 9.53e-05 | Loss: 0.5794 | Dice: 0.5075 | CE: 0.0713 | Focal: 0.0013
Epoch 029 | LR: 9.50e-05 | Loss: 0.5640 | Dice: 0.4953 | CE: 0.0681 | Focal: 0.0013
Epoch 030 | LR: 9.46e-05 | Loss: 0.5682 | Dice: 0.4990 | CE: 0.0686 | Focal: 0.0013
Epoch 031 | LR: 9.42e-05 | Loss: 0.5744 | Dice: 0.5051 | CE: 0.0687 | Focal: 0.0013
Epoch 032 | LR: 9.39e-05 | Loss: 0.5657 | Dice: 0.4993 | CE: 0.0658 | Focal: 0.0012
Epoch 033 | LR: 9.35e-05 | Loss: 0.5647 | Dice: 0.4966 | CE: 0.0674 | Focal: 0.0013
Epoch 034 | LR: 9.31e-05 | Loss: 0.5607 | Dice: 0.4953 | CE: 0.0648 | Focal: 0.0012
Epoch 035 | LR: 9.27e-05 | Loss: 0.5518 | Dice: 0.4886 | CE: 0.0626 | Focal: 0.0012
Epoch 036 | LR: 9.23e-05 | Loss: 0.5599 | Dice: 0.4956 | CE: 0.0637 | Focal: 0.0012
Epoch 037 | LR: 9.19e-05 | Loss: 0.5510 | Dice: 0.4888 | CE: 0.0616 | Focal: 0.0011
Epoch 038 | LR: 9.14e-05 | Loss: 0.5481 | Dice: 0.4856 | CE: 0.0619 | Focal: 0.0012
Epoch 039 | LR: 9.10e-05 | Loss: 0.5466 | Dice: 0.4819 | CE: 0.0641 | Focal: 0.0012
Epoch 040 | LR: 9.05e-05 | Loss: 0.5420 | Dice: 0.4795 | CE: 0.0619 | Focal: 0.0012
Epoch 041 | LR: 9.01e-05 | Loss: 0.5408 | Dice: 0.4788 | CE: 0.0614 | Focal: 0.0011
Epoch 042 | LR: 8.96e-05 | Loss: 0.5405 | Dice: 0.4815 | CE: 0.0584 | Focal: 0.0011
Epoch 043 | LR: 8.91e-05 | Loss: 0.5422 | Dice: 0.4817 | CE: 0.0600 | Focal: 0.0011
Epoch 044 | LR: 8.86e-05 | Loss: 0.5373 | Dice: 0.4774 | CE: 0.0593 | Focal: 0.0011
Epoch 045 | LR: 8.81e-05 | Loss: 0.5353 | Dice: 0.4761 | CE: 0.0587 | Focal: 0.0011
Epoch 046 | LR: 8.76e-05 | Loss: 0.5308 | Dice: 0.4724 | CE: 0.0579 | Focal: 0.0011
Epoch 047 | LR: 8.71e-05 | Loss: 0.5325 | Dice: 0.4740 | CE: 0.0580 | Focal: 0.0011
Epoch 048 | LR: 8.66e-05 | Loss: 0.5289 | Dice: 0.4730 | CE: 0.0553 | Focal: 0.0010
Epoch 049 | LR: 8.60e-05 | Loss: 0.5285 | Dice: 0.4724 | CE: 0.0556 | Focal: 0.0010
Epoch 050 | LR: 8.55e-05 | Loss: 0.5317 | Dice: 0.4724 | CE: 0.0588 | Focal: 0.0011
Epoch 051 | LR: 8.49e-05 | Loss: 0.5191 | Dice: 0.4647 | CE: 0.0540 | Focal: 0.0010
Epoch 052 | LR: 8.44e-05 | Loss: 0.5270 | Dice: 0.4721 | CE: 0.0544 | Focal: 0.0010
Epoch 053 | LR: 8.38e-05 | Loss: 0.5289 | Dice: 0.4730 | CE: 0.0554 | Focal: 0.0010
Epoch 054 | LR: 8.32e-05 | Loss: 0.5109 | Dice: 0.4562 | CE: 0.0541 | Focal: 0.0010
Epoch 055 | LR: 8.26e-05 | Loss: 0.5272 | Dice: 0.4718 | CE: 0.0549 | Focal: 0.0010
Epoch 056 | LR: 8.21e-05 | Loss: 0.5180 | Dice: 0.4663 | CE: 0.0512 | Focal: 0.0009
Epoch 057 | LR: 8.14e-05 | Loss: 0.5132 | Dice: 0.4596 | CE: 0.0530 | Focal: 0.0010
Epoch 058 | LR: 8.08e-05 | Loss: 0.5107 | Dice: 0.4570 | CE: 0.0533 | Focal: 0.0010
Epoch 059 | LR: 8.02e-05 | Loss: 0.5110 | Dice: 0.4591 | CE: 0.0514 | Focal: 0.0009
Epoch 060 | LR: 7.96e-05 | Loss: 0.5099 | Dice: 0.4554 | CE: 0.0540 | Focal: 0.0010
Epoch 061 | LR: 7.90e-05 | Loss: 0.5136 | Dice: 0.4619 | CE: 0.0513 | Focal: 0.0010
Epoch 062 | LR: 7.83e-05 | Loss: 0.5170 | Dice: 0.4651 | CE: 0.0515 | Focal: 0.0009
Epoch 063 | LR: 7.77e-05 | Loss: 0.5044 | Dice: 0.4543 | CE: 0.0496 | Focal: 0.0009
Epoch 064 | LR: 7.70e-05 | Loss: 0.5059 | Dice: 0.4549 | CE: 0.0505 | Focal: 0.0009
Epoch 065 | LR: 7.64e-05 | Loss: 0.5111 | Dice: 0.4620 | CE: 0.0486 | Focal: 0.0009
Epoch 066 | LR: 7.57e-05 | Loss: 0.5072 | Dice: 0.4573 | CE: 0.0495 | Focal: 0.0009
Epoch 067 | LR: 7.50e-05 | Loss: 0.5145 | Dice: 0.4650 | CE: 0.0490 | Focal: 0.0009
Epoch 068 | LR: 7.43e-05 | Loss: 0.5097 | Dice: 0.4595 | CE: 0.0497 | Focal: 0.0009
Epoch 069 | LR: 7.37e-05 | Loss: 0.5000 | Dice: 0.4513 | CE: 0.0482 | Focal: 0.0009
Epoch 070 | LR: 7.30e-05 | Loss: 0.5150 | Dice: 0.4651 | CE: 0.0494 | Focal: 0.0009
Epoch 071 | LR: 7.23e-05 | Loss: 0.4933 | Dice: 0.4459 | CE: 0.0470 | Focal: 0.0009
Epoch 072 | LR: 7.16e-05 | Loss: 0.5042 | Dice: 0.4545 | CE: 0.0492 | Focal: 0.0009
Epoch 073 | LR: 7.09e-05 | Loss: 0.4935 | Dice: 0.4465 | CE: 0.0466 | Focal: 0.0008
Epoch 074 | LR: 7.02e-05 | Loss: 0.4993 | Dice: 0.4505 | CE: 0.0484 | Focal: 0.0009
Epoch 075 | LR: 6.94e-05 | Loss: 0.4963 | Dice: 0.4482 | CE: 0.0477 | Focal: 0.0009
Epoch 076 | LR: 6.87e-05 | Loss: 0.4927 | Dice: 0.4445 | CE: 0.0478 | Focal: 0.0009
Epoch 077 | LR: 6.80e-05 | Loss: 0.4990 | Dice: 0.4519 | CE: 0.0466 | Focal: 0.0009
Epoch 078 | LR: 6.73e-05 | Loss: 0.4887 | Dice: 0.4417 | CE: 0.0466 | Focal: 0.0009
Epoch 079 | LR: 6.65e-05 | Loss: 0.4903 | Dice: 0.4439 | CE: 0.0459 | Focal: 0.0008
Epoch 080 | LR: 6.58e-05 | Loss: 0.4969 | Dice: 0.4494 | CE: 0.0470 | Focal: 0.0009
Epoch 081 | LR: 6.51e-05 | Loss: 0.4900 | Dice: 0.4448 | CE: 0.0449 | Focal: 0.0008
Epoch 082 | LR: 6.43e-05 | Loss: 0.4896 | Dice: 0.4442 | CE: 0.0449 | Focal: 0.0008
Epoch 083 | LR: 6.36e-05 | Loss: 0.4862 | Dice: 0.4414 | CE: 0.0444 | Focal: 0.0008
Epoch 084 | LR: 6.28e-05 | Loss: 0.4865 | Dice: 0.4402 | CE: 0.0459 | Focal: 0.0008
Epoch 085 | LR: 6.21e-05 | Loss: 0.4884 | Dice: 0.4445 | CE: 0.0435 | Focal: 0.0008
Epoch 086 | LR: 6.13e-05 | Loss: 0.4857 | Dice: 0.4417 | CE: 0.0436 | Focal: 0.0008
Epoch 087 | LR: 6.05e-05 | Loss: 0.4905 | Dice: 0.4465 | CE: 0.0436 | Focal: 0.0008
Epoch 088 | LR: 5.98e-05 | Loss: 0.4933 | Dice: 0.4494 | CE: 0.0435 | Focal: 0.0008
Epoch 089 | LR: 5.90e-05 | Loss: 0.4832 | Dice: 0.4394 | CE: 0.0434 | Focal: 0.0008
Epoch 090 | LR: 5.82e-05 | Loss: 0.4829 | Dice: 0.4380 | CE: 0.0445 | Focal: 0.0008
Epoch 091 | LR: 5.75e-05 | Loss: 0.4807 | Dice: 0.4363 | CE: 0.0440 | Focal: 0.0008
Epoch 092 | LR: 5.67e-05 | Loss: 0.4817 | Dice: 0.4384 | CE: 0.0429 | Focal: 0.0008
Epoch 093 | LR: 5.59e-05 | Loss: 0.4874 | Dice: 0.4442 | CE: 0.0428 | Focal: 0.0008
Epoch 094 | LR: 5.52e-05 | Loss: 0.4834 | Dice: 0.4401 | CE: 0.0429 | Focal: 0.0008
Epoch 095 | LR: 5.44e-05 | Loss: 0.4807 | Dice: 0.4376 | CE: 0.0426 | Focal: 0.0008
Epoch 096 | LR: 5.36e-05 | Loss: 0.4821 | Dice: 0.4394 | CE: 0.0423 | Focal: 0.0008
Epoch 097 | LR: 5.28e-05 | Loss: 0.4841 | Dice: 0.4427 | CE: 0.0411 | Focal: 0.0007
Epoch 098 | LR: 5.21e-05 | Loss: 0.4773 | Dice: 0.4347 | CE: 0.0422 | Focal: 0.0008
Epoch 099 | LR: 5.13e-05 | Loss: 0.4757 | Dice: 0.4345 | CE: 0.0408 | Focal: 0.0007
Epoch 100 | LR: 5.05e-05 | Loss: 0.4833 | Dice: 0.4404 | CE: 0.0425 | Focal: 0.0008
Epoch 101 | LR: 4.97e-05 | Loss: 0.4752 | Dice: 0.4313 | CE: 0.0435 | Focal: 0.0008
Epoch 102 | LR: 4.89e-05 | Loss: 0.4331 | Dice: 0.3788 | CE: 0.0538 | Focal: 0.0011
Epoch 103 | LR: 4.82e-05 | Loss: 0.3530 | Dice: 0.2886 | CE: 0.0638 | Focal: 0.0013
Epoch 104 | LR: 4.74e-05 | Loss: 0.2990 | Dice: 0.2393 | CE: 0.0591 | Focal: 0.0012
Epoch 105 | LR: 4.66e-05 | Loss: 0.2888 | Dice: 0.2268 | CE: 0.0614 | Focal: 0.0012
Epoch 106 | LR: 4.58e-05 | Loss: 0.2704 | Dice: 0.2091 | CE: 0.0607 | Focal: 0.0012
Epoch 107 | LR: 4.51e-05 | Loss: 0.2475 | Dice: 0.1911 | CE: 0.0558 | Focal: 0.0011
Epoch 108 | LR: 4.43e-05 | Loss: 0.2468 | Dice: 0.1886 | CE: 0.0576 | Focal: 0.0011
Epoch 109 | LR: 4.35e-05 | Loss: 0.2455 | Dice: 0.1895 | CE: 0.0555 | Focal: 0.0011
Epoch 110 | LR: 4.28e-05 | Loss: 0.2347 | Dice: 0.1753 | CE: 0.0588 | Focal: 0.0012
Epoch 111 | LR: 4.20e-05 | Loss: 0.2337 | Dice: 0.1786 | CE: 0.0546 | Focal: 0.0011
Epoch 112 | LR: 4.12e-05 | Loss: 0.2259 | Dice: 0.1680 | CE: 0.0574 | Focal: 0.0011
Epoch 113 | LR: 4.05e-05 | Loss: 0.2247 | Dice: 0.1688 | CE: 0.0554 | Focal: 0.0011
Epoch 114 | LR: 3.97e-05 | Loss: 0.2195 | Dice: 0.1671 | CE: 0.0519 | Focal: 0.0010
Epoch 115 | LR: 3.89e-05 | Loss: 0.2136 | Dice: 0.1632 | CE: 0.0499 | Focal: 0.0010
Epoch 116 | LR: 3.82e-05 | Loss: 0.2270 | Dice: 0.1687 | CE: 0.0577 | Focal: 0.0011
Epoch 117 | LR: 3.74e-05 | Loss: 0.2320 | Dice: 0.1714 | CE: 0.0600 | Focal: 0.0012
Epoch 118 | LR: 3.67e-05 | Loss: 0.2099 | Dice: 0.1590 | CE: 0.0504 | Focal: 0.0010
Epoch 119 | LR: 3.59e-05 | Loss: 0.2062 | Dice: 0.1555 | CE: 0.0501 | Focal: 0.0010
Epoch 120 | LR: 3.52e-05 | Loss: 0.2120 | Dice: 0.1604 | CE: 0.0510 | Focal: 0.0010
Epoch 121 | LR: 3.45e-05 | Loss: 0.2119 | Dice: 0.1580 | CE: 0.0534 | Focal: 0.0011
Epoch 122 | LR: 3.37e-05 | Loss: 0.2078 | Dice: 0.1585 | CE: 0.0488 | Focal: 0.0009
Epoch 123 | LR: 3.30e-05 | Loss: 0.2155 | Dice: 0.1627 | CE: 0.0523 | Focal: 0.0010
Epoch 124 | LR: 3.23e-05 | Loss: 0.2090 | Dice: 0.1583 | CE: 0.0502 | Focal: 0.0010
Epoch 125 | LR: 3.16e-05 | Loss: 0.2038 | Dice: 0.1520 | CE: 0.0513 | Focal: 0.0010
Epoch 126 | LR: 3.08e-05 | Loss: 0.2040 | Dice: 0.1523 | CE: 0.0511 | Focal: 0.0010
Epoch 127 | LR: 3.01e-05 | Loss: 0.1972 | Dice: 0.1501 | CE: 0.0466 | Focal: 0.0009
Epoch 128 | LR: 2.94e-05 | Loss: 0.1967 | Dice: 0.1493 | CE: 0.0470 | Focal: 0.0009
Epoch 129 | LR: 2.87e-05 | Loss: 0.1958 | Dice: 0.1484 | CE: 0.0470 | Focal: 0.0009
Epoch 130 | LR: 2.80e-05 | Loss: 0.2004 | Dice: 0.1517 | CE: 0.0482 | Focal: 0.0009
Epoch 131 | LR: 2.73e-05 | Loss: 0.2011 | Dice: 0.1525 | CE: 0.0481 | Focal: 0.0009
Epoch 132 | LR: 2.67e-05 | Loss: 0.1933 | Dice: 0.1477 | CE: 0.0452 | Focal: 0.0009
Epoch 133 | LR: 2.60e-05 | Loss: 0.1862 | Dice: 0.1410 | CE: 0.0448 | Focal: 0.0008
Epoch 134 | LR: 2.53e-05 | Loss: 0.1901 | Dice: 0.1441 | CE: 0.0455 | Focal: 0.0009
Epoch 135 | LR: 2.46e-05 | Loss: 0.1897 | Dice: 0.1438 | CE: 0.0455 | Focal: 0.0009
Epoch 136 | LR: 2.40e-05 | Loss: 0.1893 | Dice: 0.1433 | CE: 0.0456 | Focal: 0.0009
Epoch 137 | LR: 2.33e-05 | Loss: 0.1954 | Dice: 0.1515 | CE: 0.0435 | Focal: 0.0008
Epoch 138 | LR: 2.27e-05 | Loss: 0.1886 | Dice: 0.1458 | CE: 0.0424 | Focal: 0.0008
Epoch 139 | LR: 2.20e-05 | Loss: 0.1924 | Dice: 0.1473 | CE: 0.0447 | Focal: 0.0008
Epoch 140 | LR: 2.14e-05 | Loss: 0.1893 | Dice: 0.1454 | CE: 0.0436 | Focal: 0.0008
Epoch 141 | LR: 2.08e-05 | Loss: 0.1831 | Dice: 0.1409 | CE: 0.0418 | Focal: 0.0008
Epoch 142 | LR: 2.02e-05 | Loss: 0.1864 | Dice: 0.1427 | CE: 0.0434 | Focal: 0.0008
Epoch 143 | LR: 1.96e-05 | Loss: 0.1851 | Dice: 0.1424 | CE: 0.0423 | Focal: 0.0008
Epoch 144 | LR: 1.89e-05 | Loss: 0.1870 | Dice: 0.1448 | CE: 0.0418 | Focal: 0.0008
Epoch 145 | LR: 1.84e-05 | Loss: 0.1799 | Dice: 0.1368 | CE: 0.0427 | Focal: 0.0008
Epoch 146 | LR: 1.78e-05 | Loss: 0.1856 | Dice: 0.1431 | CE: 0.0421 | Focal: 0.0008
Epoch 147 | LR: 1.72e-05 | Loss: 0.1818 | Dice: 0.1392 | CE: 0.0422 | Focal: 0.0008
Epoch 148 | LR: 1.66e-05 | Loss: 0.1821 | Dice: 0.1403 | CE: 0.0414 | Focal: 0.0008
Epoch 149 | LR: 1.61e-05 | Loss: 0.1846 | Dice: 0.1423 | CE: 0.0419 | Focal: 0.0008
Epoch 150 | LR: 1.55e-05 | Loss: 0.1802 | Dice: 0.1375 | CE: 0.0423 | Focal: 0.0008
Epoch 151 | LR: 1.50e-05 | Loss: 0.1810 | Dice: 0.1401 | CE: 0.0406 | Focal: 0.0007
Epoch 152 | LR: 1.44e-05 | Loss: 0.1796 | Dice: 0.1390 | CE: 0.0402 | Focal: 0.0007
Epoch 153 | LR: 1.39e-05 | Loss: 0.1803 | Dice: 0.1386 | CE: 0.0413 | Focal: 0.0008
Epoch 154 | LR: 1.34e-05 | Loss: 0.1808 | Dice: 0.1388 | CE: 0.0417 | Focal: 0.0008
Epoch 155 | LR: 1.29e-05 | Loss: 0.1795 | Dice: 0.1381 | CE: 0.0411 | Focal: 0.0008
Epoch 156 | LR: 1.24e-05 | Loss: 0.1777 | Dice: 0.1361 | CE: 0.0413 | Focal: 0.0008
Epoch 157 | LR: 1.19e-05 | Loss: 0.1834 | Dice: 0.1423 | CE: 0.0408 | Focal: 0.0008
Epoch 158 | LR: 1.14e-05 | Loss: 0.1762 | Dice: 0.1361 | CE: 0.0397 | Focal: 0.0007
Epoch 159 | LR: 1.09e-05 | Loss: 0.1779 | Dice: 0.1366 | CE: 0.0409 | Focal: 0.0008
Epoch 160 | LR: 1.05e-05 | Loss: 0.1766 | Dice: 0.1359 | CE: 0.0403 | Focal: 0.0007
Epoch 161 | LR: 1.00e-05 | Loss: 0.1760 | Dice: 0.1349 | CE: 0.0407 | Focal: 0.0008
Epoch 162 | LR: 9.56e-06 | Loss: 0.1729 | Dice: 0.1335 | CE: 0.0390 | Focal: 0.0007
Epoch 163 | LR: 9.13e-06 | Loss: 0.1752 | Dice: 0.1336 | CE: 0.0412 | Focal: 0.0008
Epoch 164 | LR: 8.71e-06 | Loss: 0.1768 | Dice: 0.1372 | CE: 0.0393 | Focal: 0.0007
Epoch 165 | LR: 8.29e-06 | Loss: 0.1730 | Dice: 0.1333 | CE: 0.0394 | Focal: 0.0007
Epoch 166 | LR: 7.89e-06 | Loss: 0.1722 | Dice: 0.1320 | CE: 0.0398 | Focal: 0.0007
Epoch 167 | LR: 7.50e-06 | Loss: 0.1709 | Dice: 0.1313 | CE: 0.0392 | Focal: 0.0007
Epoch 168 | LR: 7.12e-06 | Loss: 0.1718 | Dice: 0.1319 | CE: 0.0396 | Focal: 0.0007
Epoch 169 | LR: 6.75e-06 | Loss: 0.1737 | Dice: 0.1336 | CE: 0.0397 | Focal: 0.0007
Epoch 170 | LR: 6.40e-06 | Loss: 0.1726 | Dice: 0.1315 | CE: 0.0408 | Focal: 0.0008
Epoch 171 | LR: 6.05e-06 | Loss: 0.1716 | Dice: 0.1320 | CE: 0.0393 | Focal: 0.0007
Epoch 172 | LR: 5.71e-06 | Loss: 0.1732 | Dice: 0.1339 | CE: 0.0389 | Focal: 0.0007
Epoch 173 | LR: 5.39e-06 | Loss: 0.1707 | Dice: 0.1305 | CE: 0.0398 | Focal: 0.0007
Epoch 174 | LR: 5.07e-06 | Loss: 0.1719 | Dice: 0.1324 | CE: 0.0391 | Focal: 0.0007
Epoch 175 | LR: 4.77e-06 | Loss: 0.1727 | Dice: 0.1333 | CE: 0.0390 | Focal: 0.0007
Epoch 176 | LR: 4.48e-06 | Loss: 0.1719 | Dice: 0.1316 | CE: 0.0400 | Focal: 0.0007
Epoch 177 | LR: 4.20e-06 | Loss: 0.1720 | Dice: 0.1320 | CE: 0.0396 | Focal: 0.0007
Epoch 178 | LR: 3.93e-06 | Loss: 0.1696 | Dice: 0.1296 | CE: 0.0396 | Focal: 0.0007
Epoch 179 | LR: 3.67e-06 | Loss: 0.1710 | Dice: 0.1321 | CE: 0.0386 | Focal: 0.0007
Epoch 180 | LR: 3.42e-06 | Loss: 0.1697 | Dice: 0.1305 | CE: 0.0388 | Focal: 0.0007
Epoch 181 | LR: 3.19e-06 | Loss: 0.1698 | Dice: 0.1304 | CE: 0.0390 | Focal: 0.0007
Epoch 182 | LR: 2.97e-06 | Loss: 0.1645 | Dice: 0.1257 | CE: 0.0385 | Focal: 0.0007
Epoch 183 | LR: 2.75e-06 | Loss: 0.1719 | Dice: 0.1326 | CE: 0.0390 | Focal: 0.0007
Epoch 184 | LR: 2.56e-06 | Loss: 0.1733 | Dice: 0.1347 | CE: 0.0383 | Focal: 0.0007
Epoch 185 | LR: 2.37e-06 | Loss: 0.1699 | Dice: 0.1300 | CE: 0.0396 | Focal: 0.0007
Epoch 186 | LR: 2.19e-06 | Loss: 0.1706 | Dice: 0.1312 | CE: 0.0390 | Focal: 0.0007
Epoch 187 | LR: 2.03e-06 | Loss: 0.1647 | Dice: 0.1254 | CE: 0.0389 | Focal: 0.0007
Epoch 188 | LR: 1.88e-06 | Loss: 0.1711 | Dice: 0.1302 | CE: 0.0405 | Focal: 0.0007
Epoch 189 | LR: 1.74e-06 | Loss: 0.1634 | Dice: 0.1245 | CE: 0.0385 | Focal: 0.0007
Epoch 190 | LR: 1.61e-06 | Loss: 0.1735 | Dice: 0.1342 | CE: 0.0390 | Focal: 0.0007
Epoch 191 | LR: 1.49e-06 | Loss: 0.1631 | Dice: 0.1238 | CE: 0.0389 | Focal: 0.0007
Epoch 192 | LR: 1.39e-06 | Loss: 0.1684 | Dice: 0.1291 | CE: 0.0390 | Focal: 0.0007
Epoch 193 | LR: 1.30e-06 | Loss: 0.1673 | Dice: 0.1282 | CE: 0.0388 | Focal: 0.0007
Epoch 194 | LR: 1.22e-06 | Loss: 0.1659 | Dice: 0.1271 | CE: 0.0384 | Focal: 0.0007
Epoch 195 | LR: 1.15e-06 | Loss: 0.1703 | Dice: 0.1311 | CE: 0.0389 | Focal: 0.0007
Epoch 196 | LR: 1.10e-06 | Loss: 0.1665 | Dice: 0.1266 | CE: 0.0396 | Focal: 0.0007
Epoch 197 | LR: 1.05e-06 | Loss: 0.1683 | Dice: 0.1299 | CE: 0.0381 | Focal: 0.0007
Epoch 198 | LR: 1.02e-06 | Loss: 0.1679 | Dice: 0.1282 | CE: 0.0393 | Focal: 0.0007
Epoch 199 | LR: 1.01e-06 | Loss: 0.1679 | Dice: 0.1284 | CE: 0.0391 | Focal: 0.0007
Training Finished
Training Completed
