Starting Experiment
Experiment Path: experiments\exp_006_unet3d_v1
Epoch 000 | LR: 1.00e-04 | Loss: 1.4834 | Dice: 0.9294 | CE: 0.5517 | Focal: 0.0046
Epoch 001 | LR: 1.00e-04 | Loss: 1.1161 | Dice: 0.8631 | CE: 0.2518 | Focal: 0.0025
Epoch 002 | LR: 1.00e-04 | Loss: 0.9660 | Dice: 0.7908 | CE: 0.1740 | Focal: 0.0023
Epoch 003 | LR: 9.99e-05 | Loss: 0.8767 | Dice: 0.7308 | CE: 0.1448 | Focal: 0.0022
Epoch 004 | LR: 9.98e-05 | Loss: 0.8182 | Dice: 0.6858 | CE: 0.1313 | Focal: 0.0022
Epoch 005 | LR: 9.97e-05 | Loss: 0.7827 | Dice: 0.6588 | CE: 0.1228 | Focal: 0.0021
Epoch 006 | LR: 9.96e-05 | Loss: 0.7504 | Dice: 0.6349 | CE: 0.1145 | Focal: 0.0020
Epoch 007 | LR: 9.95e-05 | Loss: 0.7236 | Dice: 0.6078 | CE: 0.1148 | Focal: 0.0021
Epoch 008 | LR: 9.93e-05 | Loss: 0.7063 | Dice: 0.5971 | CE: 0.1081 | Focal: 0.0020
Epoch 009 | LR: 9.91e-05 | Loss: 0.6917 | Dice: 0.5873 | CE: 0.1035 | Focal: 0.0019
Epoch 010 | LR: 9.89e-05 | Loss: 0.6903 | Dice: 0.5852 | CE: 0.1042 | Focal: 0.0019
Epoch 011 | LR: 9.87e-05 | Loss: 0.6784 | Dice: 0.5760 | CE: 0.1014 | Focal: 0.0019
Epoch 012 | LR: 9.84e-05 | Loss: 0.6782 | Dice: 0.5764 | CE: 0.1008 | Focal: 0.0019
Epoch 013 | LR: 9.82e-05 | Loss: 0.6582 | Dice: 0.5598 | CE: 0.0975 | Focal: 0.0018
Epoch 014 | LR: 9.79e-05 | Loss: 0.6562 | Dice: 0.5599 | CE: 0.0955 | Focal: 0.0018
Epoch 015 | LR: 9.76e-05 | Loss: 0.6529 | Dice: 0.5602 | CE: 0.0918 | Focal: 0.0017
Epoch 016 | LR: 9.72e-05 | Loss: 0.6401 | Dice: 0.5459 | CE: 0.0933 | Focal: 0.0018
Epoch 017 | LR: 9.69e-05 | Loss: 0.6451 | Dice: 0.5550 | CE: 0.0893 | Focal: 0.0017
Epoch 018 | LR: 9.65e-05 | Loss: 0.6303 | Dice: 0.5409 | CE: 0.0886 | Focal: 0.0017
Epoch 019 | LR: 9.61e-05 | Loss: 0.6377 | Dice: 0.5471 | CE: 0.0897 | Focal: 0.0017
Epoch 020 | LR: 9.57e-05 | Loss: 0.6223 | Dice: 0.5356 | CE: 0.0858 | Focal: 0.0016
Epoch 021 | LR: 9.53e-05 | Loss: 0.6221 | Dice: 0.5358 | CE: 0.0855 | Focal: 0.0016
Epoch 022 | LR: 9.48e-05 | Loss: 0.6228 | Dice: 0.5366 | CE: 0.0854 | Focal: 0.0016
Epoch 023 | LR: 9.44e-05 | Loss: 0.6078 | Dice: 0.5276 | CE: 0.0795 | Focal: 0.0015
Epoch 024 | LR: 9.39e-05 | Loss: 0.6065 | Dice: 0.5247 | CE: 0.0810 | Focal: 0.0015
Epoch 025 | LR: 9.34e-05 | Loss: 0.6050 | Dice: 0.5253 | CE: 0.0790 | Focal: 0.0015
Epoch 026 | LR: 9.28e-05 | Loss: 0.6071 | Dice: 0.5277 | CE: 0.0787 | Focal: 0.0015
Epoch 027 | LR: 9.23e-05 | Loss: 0.5952 | Dice: 0.5143 | CE: 0.0802 | Focal: 0.0015
Epoch 028 | LR: 9.17e-05 | Loss: 0.5931 | Dice: 0.5170 | CE: 0.0754 | Focal: 0.0014
Epoch 029 | LR: 9.11e-05 | Loss: 0.5947 | Dice: 0.5176 | CE: 0.0764 | Focal: 0.0014
Epoch 030 | LR: 9.05e-05 | Loss: 0.5899 | Dice: 0.5127 | CE: 0.0765 | Focal: 0.0014
Epoch 031 | LR: 8.99e-05 | Loss: 0.5892 | Dice: 0.5129 | CE: 0.0756 | Focal: 0.0014
Epoch 032 | LR: 8.93e-05 | Loss: 0.5760 | Dice: 0.5029 | CE: 0.0724 | Focal: 0.0014
Epoch 033 | LR: 8.86e-05 | Loss: 0.5815 | Dice: 0.5086 | CE: 0.0722 | Focal: 0.0014
Epoch 034 | LR: 8.80e-05 | Loss: 0.5812 | Dice: 0.5070 | CE: 0.0735 | Focal: 0.0014
Epoch 035 | LR: 8.73e-05 | Loss: 0.5708 | Dice: 0.5002 | CE: 0.0699 | Focal: 0.0013
Epoch 036 | LR: 8.66e-05 | Loss: 0.5648 | Dice: 0.4953 | CE: 0.0689 | Focal: 0.0013
Epoch 037 | LR: 8.59e-05 | Loss: 0.5767 | Dice: 0.5075 | CE: 0.0685 | Focal: 0.0013
Epoch 038 | LR: 8.51e-05 | Loss: 0.5698 | Dice: 0.5002 | CE: 0.0689 | Focal: 0.0013
Epoch 039 | LR: 8.44e-05 | Loss: 0.5594 | Dice: 0.4933 | CE: 0.0655 | Focal: 0.0012
Epoch 040 | LR: 8.36e-05 | Loss: 0.5608 | Dice: 0.4923 | CE: 0.0678 | Focal: 0.0013
Epoch 041 | LR: 8.28e-05 | Loss: 0.5607 | Dice: 0.4949 | CE: 0.0652 | Focal: 0.0012
Epoch 042 | LR: 8.21e-05 | Loss: 0.5512 | Dice: 0.4857 | CE: 0.0649 | Focal: 0.0012
Epoch 043 | LR: 8.12e-05 | Loss: 0.5569 | Dice: 0.4901 | CE: 0.0662 | Focal: 0.0012
Epoch 044 | LR: 8.04e-05 | Loss: 0.5463 | Dice: 0.4823 | CE: 0.0633 | Focal: 0.0012
Epoch 045 | LR: 7.96e-05 | Loss: 0.5511 | Dice: 0.4864 | CE: 0.0641 | Focal: 0.0012
Epoch 046 | LR: 7.88e-05 | Loss: 0.5394 | Dice: 0.4766 | CE: 0.0622 | Focal: 0.0012
Epoch 047 | LR: 7.79e-05 | Loss: 0.5498 | Dice: 0.4886 | CE: 0.0606 | Focal: 0.0011
Epoch 048 | LR: 7.70e-05 | Loss: 0.5338 | Dice: 0.4741 | CE: 0.0592 | Focal: 0.0011
Epoch 049 | LR: 7.61e-05 | Loss: 0.5454 | Dice: 0.4864 | CE: 0.0585 | Focal: 0.0011
Epoch 050 | LR: 7.53e-05 | Loss: 0.5439 | Dice: 0.4827 | CE: 0.0607 | Focal: 0.0011
Epoch 051 | LR: 7.43e-05 | Loss: 0.5381 | Dice: 0.4794 | CE: 0.0582 | Focal: 0.0011
Epoch 052 | LR: 7.34e-05 | Loss: 0.5353 | Dice: 0.4762 | CE: 0.0586 | Focal: 0.0011
Epoch 053 | LR: 7.25e-05 | Loss: 0.5369 | Dice: 0.4787 | CE: 0.0576 | Focal: 0.0011
Epoch 054 | LR: 7.16e-05 | Loss: 0.5338 | Dice: 0.4753 | CE: 0.0580 | Focal: 0.0011
Epoch 055 | LR: 7.06e-05 | Loss: 0.5330 | Dice: 0.4732 | CE: 0.0592 | Focal: 0.0011
Epoch 056 | LR: 6.97e-05 | Loss: 0.5302 | Dice: 0.4749 | CE: 0.0548 | Focal: 0.0010
Epoch 057 | LR: 6.87e-05 | Loss: 0.5345 | Dice: 0.4784 | CE: 0.0556 | Focal: 0.0010
Epoch 058 | LR: 6.78e-05 | Loss: 0.5287 | Dice: 0.4734 | CE: 0.0548 | Focal: 0.0010
Epoch 059 | LR: 6.68e-05 | Loss: 0.5267 | Dice: 0.4714 | CE: 0.0548 | Focal: 0.0010
Epoch 060 | LR: 6.58e-05 | Loss: 0.5222 | Dice: 0.4682 | CE: 0.0536 | Focal: 0.0010
Epoch 061 | LR: 6.48e-05 | Loss: 0.5199 | Dice: 0.4669 | CE: 0.0525 | Focal: 0.0010
Epoch 062 | LR: 6.38e-05 | Loss: 0.5241 | Dice: 0.4697 | CE: 0.0538 | Focal: 0.0010
Epoch 063 | LR: 6.28e-05 | Loss: 0.5244 | Dice: 0.4707 | CE: 0.0533 | Focal: 0.0010
Epoch 064 | LR: 6.18e-05 | Loss: 0.5188 | Dice: 0.4657 | CE: 0.0526 | Focal: 0.0010
Epoch 065 | LR: 6.08e-05 | Loss: 0.5194 | Dice: 0.4667 | CE: 0.0522 | Focal: 0.0010
Epoch 066 | LR: 5.98e-05 | Loss: 0.5166 | Dice: 0.4655 | CE: 0.0507 | Focal: 0.0009
Epoch 067 | LR: 5.88e-05 | Loss: 0.5078 | Dice: 0.4566 | CE: 0.0507 | Focal: 0.0009
Epoch 068 | LR: 5.77e-05 | Loss: 0.5285 | Dice: 0.4776 | CE: 0.0504 | Focal: 0.0009
Epoch 069 | LR: 5.67e-05 | Loss: 0.5027 | Dice: 0.4506 | CE: 0.0516 | Focal: 0.0009
Epoch 070 | LR: 5.57e-05 | Loss: 0.5062 | Dice: 0.4549 | CE: 0.0508 | Focal: 0.0009
Epoch 071 | LR: 5.46e-05 | Loss: 0.5136 | Dice: 0.4609 | CE: 0.0523 | Focal: 0.0010
Epoch 072 | LR: 5.36e-05 | Loss: 0.5098 | Dice: 0.4597 | CE: 0.0497 | Focal: 0.0009
Epoch 073 | LR: 5.26e-05 | Loss: 0.5103 | Dice: 0.4610 | CE: 0.0489 | Focal: 0.0009
Epoch 074 | LR: 5.15e-05 | Loss: 0.5088 | Dice: 0.4593 | CE: 0.0490 | Focal: 0.0009
Epoch 075 | LR: 5.05e-05 | Loss: 0.5047 | Dice: 0.4558 | CE: 0.0485 | Focal: 0.0009
Epoch 076 | LR: 4.95e-05 | Loss: 0.4977 | Dice: 0.4478 | CE: 0.0495 | Focal: 0.0009
Epoch 077 | LR: 4.84e-05 | Loss: 0.5100 | Dice: 0.4613 | CE: 0.0483 | Focal: 0.0009
Epoch 078 | LR: 4.74e-05 | Loss: 0.5172 | Dice: 0.4673 | CE: 0.0495 | Focal: 0.0009
Epoch 079 | LR: 4.64e-05 | Loss: 0.4983 | Dice: 0.4484 | CE: 0.0494 | Focal: 0.0009
Epoch 080 | LR: 4.53e-05 | Loss: 0.4955 | Dice: 0.4479 | CE: 0.0472 | Focal: 0.0009
Epoch 081 | LR: 4.43e-05 | Loss: 0.5017 | Dice: 0.4534 | CE: 0.0478 | Focal: 0.0009
Epoch 082 | LR: 4.33e-05 | Loss: 0.4991 | Dice: 0.4521 | CE: 0.0466 | Focal: 0.0008
Epoch 083 | LR: 4.22e-05 | Loss: 0.5032 | Dice: 0.4573 | CE: 0.0455 | Focal: 0.0008
Epoch 084 | LR: 4.12e-05 | Loss: 0.4945 | Dice: 0.4470 | CE: 0.0472 | Focal: 0.0009
Epoch 085 | LR: 4.02e-05 | Loss: 0.4980 | Dice: 0.4516 | CE: 0.0460 | Focal: 0.0008
Epoch 086 | LR: 3.92e-05 | Loss: 0.4902 | Dice: 0.4437 | CE: 0.0462 | Focal: 0.0008
Epoch 087 | LR: 3.82e-05 | Loss: 0.4983 | Dice: 0.4520 | CE: 0.0458 | Focal: 0.0008
Epoch 088 | LR: 3.72e-05 | Loss: 0.4961 | Dice: 0.4506 | CE: 0.0451 | Focal: 0.0008
Epoch 089 | LR: 3.62e-05 | Loss: 0.4913 | Dice: 0.4455 | CE: 0.0453 | Focal: 0.0008
Epoch 090 | LR: 3.52e-05 | Loss: 0.4825 | Dice: 0.4367 | CE: 0.0454 | Focal: 0.0008
Epoch 091 | LR: 3.42e-05 | Loss: 0.4895 | Dice: 0.4450 | CE: 0.0441 | Focal: 0.0008
Epoch 092 | LR: 3.32e-05 | Loss: 0.4879 | Dice: 0.4438 | CE: 0.0437 | Focal: 0.0008
Epoch 093 | LR: 3.23e-05 | Loss: 0.4961 | Dice: 0.4519 | CE: 0.0437 | Focal: 0.0008
Epoch 094 | LR: 3.13e-05 | Loss: 0.4938 | Dice: 0.4495 | CE: 0.0439 | Focal: 0.0008
Epoch 095 | LR: 3.04e-05 | Loss: 0.4911 | Dice: 0.4470 | CE: 0.0437 | Focal: 0.0008
Epoch 096 | LR: 2.94e-05 | Loss: 0.4943 | Dice: 0.4498 | CE: 0.0441 | Focal: 0.0008
Epoch 097 | LR: 2.85e-05 | Loss: 0.4827 | Dice: 0.4382 | CE: 0.0441 | Focal: 0.0008
Epoch 098 | LR: 2.76e-05 | Loss: 0.4790 | Dice: 0.4350 | CE: 0.0436 | Focal: 0.0008
Epoch 099 | LR: 2.67e-05 | Loss: 0.4842 | Dice: 0.4410 | CE: 0.0428 | Focal: 0.0008
Epoch 100 | LR: 2.57e-05 | Loss: 0.4854 | Dice: 0.4427 | CE: 0.0423 | Focal: 0.0008
Epoch 101 | LR: 2.49e-05 | Loss: 0.4905 | Dice: 0.4477 | CE: 0.0424 | Focal: 0.0008
Epoch 102 | LR: 2.40e-05 | Loss: 0.4894 | Dice: 0.4463 | CE: 0.0427 | Focal: 0.0008
Epoch 103 | LR: 2.31e-05 | Loss: 0.4828 | Dice: 0.4407 | CE: 0.0417 | Focal: 0.0008
Epoch 104 | LR: 2.22e-05 | Loss: 0.4930 | Dice: 0.4505 | CE: 0.0422 | Focal: 0.0008
Epoch 105 | LR: 2.14e-05 | Loss: 0.4815 | Dice: 0.4396 | CE: 0.0415 | Focal: 0.0008
Epoch 106 | LR: 2.06e-05 | Loss: 0.4853 | Dice: 0.4438 | CE: 0.0412 | Focal: 0.0007
Epoch 107 | LR: 1.98e-05 | Loss: 0.4856 | Dice: 0.4439 | CE: 0.0413 | Focal: 0.0007
Epoch 108 | LR: 1.89e-05 | Loss: 0.4787 | Dice: 0.4369 | CE: 0.0414 | Focal: 0.0007
Epoch 109 | LR: 1.82e-05 | Loss: 0.4752 | Dice: 0.4336 | CE: 0.0412 | Focal: 0.0007
Epoch 110 | LR: 1.74e-05 | Loss: 0.4767 | Dice: 0.4361 | CE: 0.0403 | Focal: 0.0007
Epoch 111 | LR: 1.66e-05 | Loss: 0.4782 | Dice: 0.4367 | CE: 0.0411 | Focal: 0.0007
Epoch 112 | LR: 1.59e-05 | Loss: 0.4700 | Dice: 0.4289 | CE: 0.0408 | Focal: 0.0007
Epoch 113 | LR: 1.51e-05 | Loss: 0.4799 | Dice: 0.4397 | CE: 0.0399 | Focal: 0.0007
Epoch 114 | LR: 1.44e-05 | Loss: 0.4704 | Dice: 0.4290 | CE: 0.0410 | Focal: 0.0007
Epoch 115 | LR: 1.37e-05 | Loss: 0.4787 | Dice: 0.4378 | CE: 0.0405 | Focal: 0.0007
Epoch 116 | LR: 1.30e-05 | Loss: 0.4669 | Dice: 0.4263 | CE: 0.0402 | Focal: 0.0007
Epoch 117 | LR: 1.24e-05 | Loss: 0.4772 | Dice: 0.4368 | CE: 0.0400 | Focal: 0.0007
Epoch 118 | LR: 1.17e-05 | Loss: 0.4719 | Dice: 0.4311 | CE: 0.0404 | Focal: 0.0007
Epoch 119 | LR: 1.11e-05 | Loss: 0.4750 | Dice: 0.4344 | CE: 0.0402 | Focal: 0.0007
Epoch 120 | LR: 1.05e-05 | Loss: 0.4734 | Dice: 0.4340 | CE: 0.0390 | Focal: 0.0007
Epoch 121 | LR: 9.85e-06 | Loss: 0.4719 | Dice: 0.4323 | CE: 0.0392 | Focal: 0.0007
Epoch 122 | LR: 9.27e-06 | Loss: 0.4689 | Dice: 0.4285 | CE: 0.0401 | Focal: 0.0007
Epoch 123 | LR: 8.71e-06 | Loss: 0.4699 | Dice: 0.4300 | CE: 0.0396 | Focal: 0.0007
Epoch 124 | LR: 8.16e-06 | Loss: 0.4703 | Dice: 0.4307 | CE: 0.0392 | Focal: 0.0007
Epoch 125 | LR: 7.63e-06 | Loss: 0.4664 | Dice: 0.4263 | CE: 0.0397 | Focal: 0.0007
Epoch 126 | LR: 7.12e-06 | Loss: 0.4774 | Dice: 0.4387 | CE: 0.0384 | Focal: 0.0007
Epoch 127 | LR: 6.63e-06 | Loss: 0.4745 | Dice: 0.4350 | CE: 0.0391 | Focal: 0.0007
Epoch 128 | LR: 6.16e-06 | Loss: 0.4673 | Dice: 0.4281 | CE: 0.0389 | Focal: 0.0007
Epoch 129 | LR: 5.71e-06 | Loss: 0.4689 | Dice: 0.4294 | CE: 0.0391 | Focal: 0.0007
Epoch 130 | LR: 5.28e-06 | Loss: 0.4605 | Dice: 0.4211 | CE: 0.0391 | Focal: 0.0007
Epoch 131 | LR: 4.87e-06 | Loss: 0.4715 | Dice: 0.4321 | CE: 0.0390 | Focal: 0.0007
Epoch 132 | LR: 4.48e-06 | Loss: 0.4700 | Dice: 0.4316 | CE: 0.0381 | Focal: 0.0007
Epoch 133 | LR: 4.10e-06 | Loss: 0.4682 | Dice: 0.4289 | CE: 0.0389 | Focal: 0.0007
Epoch 134 | LR: 3.75e-06 | Loss: 0.4691 | Dice: 0.4301 | CE: 0.0387 | Focal: 0.0007
Epoch 135 | LR: 3.42e-06 | Loss: 0.4705 | Dice: 0.4320 | CE: 0.0382 | Focal: 0.0007
Epoch 136 | LR: 3.11e-06 | Loss: 0.4699 | Dice: 0.4313 | CE: 0.0383 | Focal: 0.0007
Epoch 137 | LR: 2.82e-06 | Loss: 0.4674 | Dice: 0.4278 | CE: 0.0392 | Focal: 0.0007
Epoch 138 | LR: 2.56e-06 | Loss: 0.4601 | Dice: 0.4206 | CE: 0.0392 | Focal: 0.0007
Epoch 139 | LR: 2.31e-06 | Loss: 0.4764 | Dice: 0.4375 | CE: 0.0385 | Focal: 0.0007
Epoch 140 | LR: 2.08e-06 | Loss: 0.4640 | Dice: 0.4243 | CE: 0.0393 | Focal: 0.0007
Epoch 141 | LR: 1.88e-06 | Loss: 0.4670 | Dice: 0.4280 | CE: 0.0386 | Focal: 0.0007
Epoch 142 | LR: 1.69e-06 | Loss: 0.4655 | Dice: 0.4267 | CE: 0.0384 | Focal: 0.0007
Epoch 143 | LR: 1.53e-06 | Loss: 0.4666 | Dice: 0.4279 | CE: 0.0384 | Focal: 0.0007
Epoch 144 | LR: 1.39e-06 | Loss: 0.4655 | Dice: 0.4261 | CE: 0.0390 | Focal: 0.0007
Epoch 145 | LR: 1.27e-06 | Loss: 0.4670 | Dice: 0.4288 | CE: 0.0378 | Focal: 0.0007
Epoch 146 | LR: 1.17e-06 | Loss: 0.4702 | Dice: 0.4308 | CE: 0.0390 | Focal: 0.0007
Epoch 147 | LR: 1.10e-06 | Loss: 0.4754 | Dice: 0.4371 | CE: 0.0380 | Focal: 0.0007
Epoch 148 | LR: 1.04e-06 | Loss: 0.4684 | Dice: 0.4297 | CE: 0.0384 | Focal: 0.0007
Epoch 149 | LR: 1.01e-06 | Loss: 0.4646 | Dice: 0.4258 | CE: 0.0384 | Focal: 0.0007
Training Finished
Training Completed
