Starting Experiment
Experiment Path: experiments\exp_010_unetpp_ds
Epoch 000/200 | LR: 1.00e-06 | Loss: 3.7112 | Dice: 0.9674 | CE: 1.1466 | Focal: 0.0134 | PerClass [C0:0.724 | C1:0.000 | C2:0.140 | C3:0.088]
Epoch 001/200 | LR: 1.09e-05 | Loss: 3.1825 | Dice: 0.9528 | CE: 0.8616 | Focal: 0.0084 | PerClass [C0:0.947 | C1:0.023 | C2:0.389 | C3:0.251]
Epoch 002/200 | LR: 2.08e-05 | Loss: 2.8086 | Dice: 0.9414 | CE: 0.6608 | Focal: 0.0053 | PerClass [C0:0.984 | C1:0.345 | C2:0.553 | C3:0.444]
Epoch 003/200 | LR: 3.07e-05 | Loss: 2.4041 | Dice: 0.9238 | CE: 0.4485 | Focal: 0.0030 | PerClass [C0:0.991 | C1:0.507 | C2:0.633 | C3:0.523]
Epoch 004/200 | LR: 4.06e-05 | Loss: 2.0408 | Dice: 0.8864 | CE: 0.2787 | Focal: 0.0022 | PerClass [C0:0.993 | C1:0.533 | C2:0.686 | C3:0.578]
Epoch 005/200 | LR: 5.05e-05 | Loss: 1.7704 | Dice: 0.8219 | CE: 0.1887 | Focal: 0.0021 | PerClass [C0:0.994 | C1:0.556 | C2:0.730 | C3:0.619]
Epoch 006/200 | LR: 6.04e-05 | Loss: 1.5683 | Dice: 0.7456 | CE: 0.1494 | Focal: 0.0023 | PerClass [C0:0.995 | C1:0.556 | C2:0.743 | C3:0.649]
Epoch 007/200 | LR: 7.03e-05 | Loss: 1.4452 | Dice: 0.6829 | CE: 0.1417 | Focal: 0.0026 | PerClass [C0:0.996 | C1:0.566 | C2:0.755 | C3:0.678]
Epoch 008/200 | LR: 8.02e-05 | Loss: 1.3533 | Dice: 0.6351 | CE: 0.1369 | Focal: 0.0026 | PerClass [C0:0.996 | C1:0.568 | C2:0.768 | C3:0.697]
Epoch 009/200 | LR: 9.01e-05 | Loss: 1.3034 | Dice: 0.6097 | CE: 0.1337 | Focal: 0.0027 | PerClass [C0:0.996 | C1:0.583 | C2:0.779 | C3:0.715]
Epoch 010/200 | LR: 1.00e-04 | Loss: 1.2619 | Dice: 0.5853 | CE: 0.1344 | Focal: 0.0028 | PerClass [C0:0.996 | C1:0.610 | C2:0.778 | C3:0.731]
Epoch 011/200 | LR: 1.00e-04 | Loss: 1.2324 | Dice: 0.5754 | CE: 0.1275 | Focal: 0.0026 | PerClass [C0:0.997 | C1:0.641 | C2:0.785 | C3:0.732]
Epoch 012/200 | LR: 1.00e-04 | Loss: 1.2020 | Dice: 0.5632 | CE: 0.1224 | Focal: 0.0025 | PerClass [C0:0.997 | C1:0.661 | C2:0.799 | C3:0.744]
Epoch 013/200 | LR: 9.99e-05 | Loss: 1.1742 | Dice: 0.5536 | CE: 0.1161 | Focal: 0.0024 | PerClass [C0:0.997 | C1:0.681 | C2:0.805 | C3:0.759]
Epoch 014/200 | LR: 9.99e-05 | Loss: 1.1373 | Dice: 0.5414 | CE: 0.1074 | Focal: 0.0022 | PerClass [C0:0.997 | C1:0.687 | C2:0.816 | C3:0.765]
Epoch 015/200 | LR: 9.98e-05 | Loss: 1.1240 | Dice: 0.5348 | CE: 0.1064 | Focal: 0.0022 | PerClass [C0:0.997 | C1:0.707 | C2:0.821 | C3:0.777]
Epoch 016/200 | LR: 9.98e-05 | Loss: 1.1281 | Dice: 0.5375 | CE: 0.1061 | Focal: 0.0022 | PerClass [C0:0.997 | C1:0.705 | C2:0.815 | C3:0.784]
Epoch 017/200 | LR: 9.97e-05 | Loss: 1.1228 | Dice: 0.5385 | CE: 0.1020 | Focal: 0.0021 | PerClass [C0:0.997 | C1:0.731 | C2:0.816 | C3:0.792]
Epoch 018/200 | LR: 9.96e-05 | Loss: 1.0889 | Dice: 0.5177 | CE: 0.1035 | Focal: 0.0022 | PerClass [C0:0.997 | C1:0.730 | C2:0.830 | C3:0.800]
Epoch 019/200 | LR: 9.95e-05 | Loss: 1.0814 | Dice: 0.5167 | CE: 0.1002 | Focal: 0.0021 | PerClass [C0:0.997 | C1:0.716 | C2:0.832 | C3:0.798]
Epoch 020/200 | LR: 9.93e-05 | Loss: 1.0679 | Dice: 0.5167 | CE: 0.0926 | Focal: 0.0019 | PerClass [C0:0.997 | C1:0.720 | C2:0.828 | C3:0.807]
Epoch 021/200 | LR: 9.92e-05 | Loss: 1.0573 | Dice: 0.5091 | CE: 0.0940 | Focal: 0.0020 | PerClass [C0:0.997 | C1:0.734 | C2:0.833 | C3:0.810]
Epoch 022/200 | LR: 9.90e-05 | Loss: 1.0425 | Dice: 0.5048 | CE: 0.0900 | Focal: 0.0019 | PerClass [C0:0.997 | C1:0.748 | C2:0.846 | C3:0.819]
Epoch 023/200 | LR: 9.89e-05 | Loss: 1.0377 | Dice: 0.5014 | CE: 0.0906 | Focal: 0.0019 | PerClass [C0:0.997 | C1:0.750 | C2:0.834 | C3:0.818]
Epoch 024/200 | LR: 9.87e-05 | Loss: 1.0361 | Dice: 0.5045 | CE: 0.0866 | Focal: 0.0018 | PerClass [C0:0.997 | C1:0.758 | C2:0.836 | C3:0.826]
Epoch 025/200 | LR: 9.85e-05 | Loss: 1.0227 | Dice: 0.5006 | CE: 0.0830 | Focal: 0.0017 | PerClass [C0:0.997 | C1:0.760 | C2:0.839 | C3:0.823]
Epoch 026/200 | LR: 9.83e-05 | Loss: 1.0307 | Dice: 0.5049 | CE: 0.0832 | Focal: 0.0017 | PerClass [C0:0.997 | C1:0.768 | C2:0.837 | C3:0.825]
Epoch 027/200 | LR: 9.81e-05 | Loss: 1.0112 | Dice: 0.4951 | CE: 0.0818 | Focal: 0.0017 | PerClass [C0:0.997 | C1:0.777 | C2:0.845 | C3:0.828]
Epoch 028/200 | LR: 9.78e-05 | Loss: 1.0021 | Dice: 0.4943 | CE: 0.0775 | Focal: 0.0016 | PerClass [C0:0.997 | C1:0.780 | C2:0.840 | C3:0.838]
Epoch 029/200 | LR: 9.76e-05 | Loss: 0.9944 | Dice: 0.4907 | CE: 0.0768 | Focal: 0.0016 | PerClass [C0:0.998 | C1:0.793 | C2:0.842 | C3:0.841]
Epoch 030/200 | LR: 9.73e-05 | Loss: 1.0001 | Dice: 0.4897 | CE: 0.0810 | Focal: 0.0017 | PerClass [C0:0.998 | C1:0.783 | C2:0.849 | C3:0.847]
Epoch 031/200 | LR: 9.70e-05 | Loss: 0.9827 | Dice: 0.4872 | CE: 0.0736 | Focal: 0.0015 | PerClass [C0:0.998 | C1:0.795 | C2:0.850 | C3:0.823]
Epoch 032/200 | LR: 9.68e-05 | Loss: 0.9894 | Dice: 0.4885 | CE: 0.0761 | Focal: 0.0015 | PerClass [C0:0.998 | C1:0.793 | C2:0.846 | C3:0.849]
Epoch 033/200 | LR: 9.65e-05 | Loss: 0.9753 | Dice: 0.4841 | CE: 0.0725 | Focal: 0.0015 | PerClass [C0:0.998 | C1:0.802 | C2:0.852 | C3:0.851]
Epoch 034/200 | LR: 9.62e-05 | Loss: 0.8462 | Dice: 0.3918 | CE: 0.0908 | Focal: 0.0020 | PerClass [C0:0.998 | C1:0.806 | C2:0.845 | C3:0.847]
Epoch 035/200 | LR: 9.58e-05 | Loss: 0.7487 | Dice: 0.3400 | CE: 0.0868 | Focal: 0.0019 | PerClass [C0:0.998 | C1:0.828 | C2:0.846 | C3:0.839]
Epoch 036/200 | LR: 9.55e-05 | Loss: 0.7375 | Dice: 0.3379 | CE: 0.0827 | Focal: 0.0018 | PerClass [C0:0.998 | C1:0.833 | C2:0.846 | C3:0.840]
Epoch 037/200 | LR: 9.51e-05 | Loss: 0.7238 | Dice: 0.3305 | CE: 0.0823 | Focal: 0.0018 | PerClass [C0:0.998 | C1:0.842 | C2:0.844 | C3:0.848]
Epoch 038/200 | LR: 9.48e-05 | Loss: 0.6930 | Dice: 0.3187 | CE: 0.0765 | Focal: 0.0016 | PerClass [C0:0.998 | C1:0.848 | C2:0.857 | C3:0.853]
Epoch 039/200 | LR: 9.44e-05 | Loss: 0.7064 | Dice: 0.3257 | CE: 0.0771 | Focal: 0.0016 | PerClass [C0:0.998 | C1:0.848 | C2:0.849 | C3:0.839]
Epoch 040/200 | LR: 9.40e-05 | Loss: 0.6894 | Dice: 0.3222 | CE: 0.0711 | Focal: 0.0014 | PerClass [C0:0.998 | C1:0.860 | C2:0.852 | C3:0.853]
Epoch 041/200 | LR: 9.36e-05 | Loss: 0.6338 | Dice: 0.2796 | CE: 0.0817 | Focal: 0.0018 | PerClass [C0:0.998 | C1:0.844 | C2:0.861 | C3:0.858]
Epoch 042/200 | LR: 9.32e-05 | Loss: 0.5738 | Dice: 0.2495 | CE: 0.0776 | Focal: 0.0017 | PerClass [C0:0.998 | C1:0.855 | C2:0.860 | C3:0.855]
Epoch 043/200 | LR: 9.28e-05 | Loss: 0.5415 | Dice: 0.2347 | CE: 0.0740 | Focal: 0.0016 | PerClass [C0:0.998 | C1:0.865 | C2:0.858 | C3:0.853]
Epoch 044/200 | LR: 9.24e-05 | Loss: 0.5496 | Dice: 0.2332 | CE: 0.0800 | Focal: 0.0017 | PerClass [C0:0.998 | C1:0.867 | C2:0.856 | C3:0.860]
Epoch 045/200 | LR: 9.19e-05 | Loss: 0.5386 | Dice: 0.2305 | CE: 0.0765 | Focal: 0.0016 | PerClass [C0:0.998 | C1:0.864 | C2:0.857 | C3:0.866]
Epoch 046/200 | LR: 9.15e-05 | Loss: 0.5530 | Dice: 0.2360 | CE: 0.0792 | Focal: 0.0017 | PerClass [C0:0.998 | C1:0.870 | C2:0.853 | C3:0.856]
Epoch 047/200 | LR: 9.10e-05 | Loss: 0.5280 | Dice: 0.2243 | CE: 0.0766 | Focal: 0.0016 | PerClass [C0:0.998 | C1:0.863 | C2:0.870 | C3:0.857]
Epoch 048/200 | LR: 9.05e-05 | Loss: 0.5194 | Dice: 0.2254 | CE: 0.0706 | Focal: 0.0015 | PerClass [C0:0.998 | C1:0.879 | C2:0.856 | C3:0.859]
Epoch 049/200 | LR: 9.01e-05 | Loss: 0.5325 | Dice: 0.2340 | CE: 0.0695 | Focal: 0.0015 | PerClass [C0:0.998 | C1:0.865 | C2:0.867 | C3:0.867]
Epoch 050/200 | LR: 8.96e-05 | Loss: 0.5235 | Dice: 0.2277 | CE: 0.0707 | Focal: 0.0015 | PerClass [C0:0.998 | C1:0.879 | C2:0.859 | C3:0.855]
Epoch 051/200 | LR: 8.91e-05 | Loss: 0.5090 | Dice: 0.2222 | CE: 0.0679 | Focal: 0.0014 | PerClass [C0:0.998 | C1:0.880 | C2:0.867 | C3:0.862]
Epoch 052/200 | LR: 8.85e-05 | Loss: 0.5097 | Dice: 0.2224 | CE: 0.0682 | Focal: 0.0014 | PerClass [C0:0.998 | C1:0.886 | C2:0.861 | C3:0.866]
Epoch 053/200 | LR: 8.80e-05 | Loss: 0.5075 | Dice: 0.2212 | CE: 0.0681 | Focal: 0.0014 | PerClass [C0:0.998 | C1:0.877 | C2:0.869 | C3:0.865]
Epoch 054/200 | LR: 8.75e-05 | Loss: 0.5007 | Dice: 0.2222 | CE: 0.0633 | Focal: 0.0013 | PerClass [C0:0.998 | C1:0.882 | C2:0.860 | C3:0.867]
Epoch 055/200 | LR: 8.69e-05 | Loss: 0.4909 | Dice: 0.2141 | CE: 0.0657 | Focal: 0.0014 | PerClass [C0:0.998 | C1:0.884 | C2:0.871 | C3:0.872]
Epoch 056/200 | LR: 8.64e-05 | Loss: 0.5001 | Dice: 0.2191 | CE: 0.0660 | Focal: 0.0014 | PerClass [C0:0.998 | C1:0.887 | C2:0.865 | C3:0.863]
Epoch 057/200 | LR: 8.58e-05 | Loss: 0.4836 | Dice: 0.2145 | CE: 0.0612 | Focal: 0.0012 | PerClass [C0:0.998 | C1:0.893 | C2:0.865 | C3:0.870]
Epoch 058/200 | LR: 8.52e-05 | Loss: 0.4892 | Dice: 0.2162 | CE: 0.0627 | Focal: 0.0013 | PerClass [C0:0.998 | C1:0.885 | C2:0.868 | C3:0.870]
Epoch 059/200 | LR: 8.46e-05 | Loss: 0.4843 | Dice: 0.2136 | CE: 0.0625 | Focal: 0.0013 | PerClass [C0:0.998 | C1:0.893 | C2:0.863 | C3:0.875]
Epoch 060/200 | LR: 8.40e-05 | Loss: 0.4614 | Dice: 0.2053 | CE: 0.0578 | Focal: 0.0011 | PerClass [C0:0.998 | C1:0.893 | C2:0.877 | C3:0.876]
Epoch 061/200 | LR: 8.34e-05 | Loss: 0.4736 | Dice: 0.2099 | CE: 0.0601 | Focal: 0.0012 | PerClass [C0:0.998 | C1:0.897 | C2:0.866 | C3:0.867]
Epoch 062/200 | LR: 8.28e-05 | Loss: 0.4658 | Dice: 0.2047 | CE: 0.0609 | Focal: 0.0012 | PerClass [C0:0.998 | C1:0.893 | C2:0.877 | C3:0.864]
Epoch 063/200 | LR: 8.22e-05 | Loss: 0.4742 | Dice: 0.2103 | CE: 0.0601 | Focal: 0.0012 | PerClass [C0:0.998 | C1:0.891 | C2:0.875 | C3:0.873]
Epoch 064/200 | LR: 8.15e-05 | Loss: 0.4520 | Dice: 0.1992 | CE: 0.0585 | Focal: 0.0012 | PerClass [C0:0.998 | C1:0.897 | C2:0.881 | C3:0.880]
Epoch 065/200 | LR: 8.09e-05 | Loss: 0.4617 | Dice: 0.2057 | CE: 0.0575 | Focal: 0.0012 | PerClass [C0:0.998 | C1:0.897 | C2:0.873 | C3:0.887]
Epoch 066/200 | LR: 8.03e-05 | Loss: 0.4578 | Dice: 0.2039 | CE: 0.0571 | Focal: 0.0012 | PerClass [C0:0.998 | C1:0.898 | C2:0.873 | C3:0.865]
Epoch 067/200 | LR: 7.96e-05 | Loss: 0.4613 | Dice: 0.2056 | CE: 0.0574 | Focal: 0.0012 | PerClass [C0:0.998 | C1:0.900 | C2:0.876 | C3:0.890]
Epoch 068/200 | LR: 7.89e-05 | Loss: 0.4541 | Dice: 0.2048 | CE: 0.0541 | Focal: 0.0011 | PerClass [C0:0.998 | C1:0.897 | C2:0.875 | C3:0.880]
Epoch 069/200 | LR: 7.83e-05 | Loss: 0.4509 | Dice: 0.2017 | CE: 0.0554 | Focal: 0.0011 | PerClass [C0:0.998 | C1:0.904 | C2:0.879 | C3:0.872]
Epoch 070/200 | LR: 7.76e-05 | Loss: 0.4451 | Dice: 0.1993 | CE: 0.0545 | Focal: 0.0011 | PerClass [C0:0.998 | C1:0.905 | C2:0.885 | C3:0.876]
Epoch 071/200 | LR: 7.69e-05 | Loss: 0.4445 | Dice: 0.1991 | CE: 0.0544 | Focal: 0.0011 | PerClass [C0:0.998 | C1:0.905 | C2:0.874 | C3:0.882]
Epoch 072/200 | LR: 7.62e-05 | Loss: 0.4452 | Dice: 0.1993 | CE: 0.0545 | Focal: 0.0011 | PerClass [C0:0.998 | C1:0.909 | C2:0.875 | C3:0.880]
Epoch 073/200 | LR: 7.55e-05 | Loss: 0.4468 | Dice: 0.2008 | CE: 0.0539 | Focal: 0.0011 | PerClass [C0:0.998 | C1:0.903 | C2:0.877 | C3:0.877]
Epoch 074/200 | LR: 7.48e-05 | Loss: 0.4394 | Dice: 0.1957 | CE: 0.0548 | Focal: 0.0011 | PerClass [C0:0.998 | C1:0.904 | C2:0.880 | C3:0.883]
Epoch 075/200 | LR: 7.41e-05 | Loss: 0.4367 | Dice: 0.1973 | CE: 0.0517 | Focal: 0.0010 | PerClass [C0:0.998 | C1:0.906 | C2:0.879 | C3:0.880]
Epoch 076/200 | LR: 7.33e-05 | Loss: 0.4408 | Dice: 0.1989 | CE: 0.0525 | Focal: 0.0010 | PerClass [C0:0.998 | C1:0.908 | C2:0.877 | C3:0.882]
Epoch 077/200 | LR: 7.26e-05 | Loss: 0.4365 | Dice: 0.1984 | CE: 0.0506 | Focal: 0.0010 | PerClass [C0:0.998 | C1:0.909 | C2:0.883 | C3:0.874]
Epoch 078/200 | LR: 7.19e-05 | Loss: 0.4377 | Dice: 0.1933 | CE: 0.0562 | Focal: 0.0011 | PerClass [C0:0.998 | C1:0.912 | C2:0.885 | C3:0.886]
Epoch 079/200 | LR: 7.11e-05 | Loss: 0.4240 | Dice: 0.1909 | CE: 0.0509 | Focal: 0.0010 | PerClass [C0:0.998 | C1:0.914 | C2:0.883 | C3:0.888]
Epoch 080/200 | LR: 7.04e-05 | Loss: 0.4250 | Dice: 0.1916 | CE: 0.0508 | Focal: 0.0010 | PerClass [C0:0.998 | C1:0.910 | C2:0.883 | C3:0.882]
Epoch 081/200 | LR: 6.96e-05 | Loss: 0.4222 | Dice: 0.1895 | CE: 0.0512 | Focal: 0.0010 | PerClass [C0:0.998 | C1:0.909 | C2:0.887 | C3:0.886]
Epoch 082/200 | LR: 6.89e-05 | Loss: 0.4224 | Dice: 0.1907 | CE: 0.0502 | Focal: 0.0010 | PerClass [C0:0.998 | C1:0.908 | C2:0.882 | C3:0.886]
Epoch 083/200 | LR: 6.81e-05 | Loss: 0.4244 | Dice: 0.1916 | CE: 0.0504 | Focal: 0.0010 | PerClass [C0:0.998 | C1:0.914 | C2:0.893 | C3:0.882]
Epoch 084/200 | LR: 6.73e-05 | Loss: 0.4349 | Dice: 0.1987 | CE: 0.0493 | Focal: 0.0010 | PerClass [C0:0.998 | C1:0.915 | C2:0.880 | C3:0.874]
Epoch 085/200 | LR: 6.66e-05 | Loss: 0.4149 | Dice: 0.1881 | CE: 0.0485 | Focal: 0.0009 | PerClass [C0:0.998 | C1:0.913 | C2:0.885 | C3:0.890]
Epoch 086/200 | LR: 6.58e-05 | Loss: 0.4194 | Dice: 0.1901 | CE: 0.0491 | Focal: 0.0010 | PerClass [C0:0.998 | C1:0.916 | C2:0.888 | C3:0.880]
Epoch 087/200 | LR: 6.50e-05 | Loss: 0.4166 | Dice: 0.1901 | CE: 0.0475 | Focal: 0.0009 | PerClass [C0:0.998 | C1:0.918 | C2:0.886 | C3:0.883]
Epoch 088/200 | LR: 6.42e-05 | Loss: 0.4054 | Dice: 0.1845 | CE: 0.0467 | Focal: 0.0009 | PerClass [C0:0.998 | C1:0.922 | C2:0.889 | C3:0.885]
Epoch 089/200 | LR: 6.34e-05 | Loss: 0.4022 | Dice: 0.1823 | CE: 0.0470 | Focal: 0.0009 | PerClass [C0:0.998 | C1:0.919 | C2:0.890 | C3:0.895]
Epoch 090/200 | LR: 6.27e-05 | Loss: 0.4096 | Dice: 0.1859 | CE: 0.0477 | Focal: 0.0009 | PerClass [C0:0.998 | C1:0.916 | C2:0.893 | C3:0.891]
Epoch 091/200 | LR: 6.19e-05 | Loss: 0.4106 | Dice: 0.1886 | CE: 0.0456 | Focal: 0.0009 | PerClass [C0:0.998 | C1:0.920 | C2:0.888 | C3:0.889]
Epoch 092/200 | LR: 6.11e-05 | Loss: 0.3963 | Dice: 0.1802 | CE: 0.0458 | Focal: 0.0009 | PerClass [C0:0.998 | C1:0.926 | C2:0.895 | C3:0.901]
Epoch 093/200 | LR: 6.03e-05 | Loss: 0.4033 | Dice: 0.1832 | CE: 0.0469 | Focal: 0.0009 | PerClass [C0:0.998 | C1:0.913 | C2:0.894 | C3:0.901]
Epoch 094/200 | LR: 5.95e-05 | Loss: 0.4037 | Dice: 0.1839 | CE: 0.0463 | Focal: 0.0009 | PerClass [C0:0.998 | C1:0.922 | C2:0.883 | C3:0.891]
Epoch 095/200 | LR: 5.86e-05 | Loss: 0.3986 | Dice: 0.1820 | CE: 0.0453 | Focal: 0.0009 | PerClass [C0:0.998 | C1:0.923 | C2:0.891 | C3:0.905]
Epoch 096/200 | LR: 5.78e-05 | Loss: 0.3924 | Dice: 0.1784 | CE: 0.0454 | Focal: 0.0009 | PerClass [C0:0.998 | C1:0.927 | C2:0.894 | C3:0.900]
Epoch 097/200 | LR: 5.70e-05 | Loss: 0.3982 | Dice: 0.1818 | CE: 0.0454 | Focal: 0.0009 | PerClass [C0:0.998 | C1:0.926 | C2:0.891 | C3:0.895]
Epoch 098/200 | LR: 5.62e-05 | Loss: 0.3947 | Dice: 0.1794 | CE: 0.0456 | Focal: 0.0009 | PerClass [C0:0.998 | C1:0.921 | C2:0.898 | C3:0.902]
Epoch 099/200 | LR: 5.54e-05 | Loss: 0.3904 | Dice: 0.1791 | CE: 0.0435 | Focal: 0.0008 | PerClass [C0:0.998 | C1:0.923 | C2:0.903 | C3:0.906]
Epoch 100/200 | LR: 5.46e-05 | Loss: 0.3930 | Dice: 0.1793 | CE: 0.0449 | Focal: 0.0009 | PerClass [C0:0.998 | C1:0.924 | C2:0.897 | C3:0.902]
Epoch 101/200 | LR: 5.38e-05 | Loss: 0.3915 | Dice: 0.1788 | CE: 0.0445 | Focal: 0.0009 | PerClass [C0:0.998 | C1:0.922 | C2:0.899 | C3:0.894]
Epoch 102/200 | LR: 5.30e-05 | Loss: 0.3852 | Dice: 0.1765 | CE: 0.0432 | Focal: 0.0008 | PerClass [C0:0.998 | C1:0.930 | C2:0.896 | C3:0.900]
Epoch 103/200 | LR: 5.21e-05 | Loss: 0.3958 | Dice: 0.1827 | CE: 0.0431 | Focal: 0.0008 | PerClass [C0:0.998 | C1:0.926 | C2:0.898 | C3:0.889]
Epoch 104/200 | LR: 5.13e-05 | Loss: 0.3786 | Dice: 0.1722 | CE: 0.0437 | Focal: 0.0009 | PerClass [C0:0.998 | C1:0.929 | C2:0.902 | C3:0.906]
Epoch 105/200 | LR: 5.05e-05 | Loss: 0.3874 | Dice: 0.1772 | CE: 0.0437 | Focal: 0.0008 | PerClass [C0:0.998 | C1:0.929 | C2:0.897 | C3:0.897]
Epoch 106/200 | LR: 4.97e-05 | Loss: 0.3968 | Dice: 0.1835 | CE: 0.0429 | Focal: 0.0008 | PerClass [C0:0.998 | C1:0.928 | C2:0.893 | C3:0.889]
Epoch 107/200 | LR: 4.89e-05 | Loss: 0.3879 | Dice: 0.1787 | CE: 0.0426 | Focal: 0.0008 | PerClass [C0:0.998 | C1:0.928 | C2:0.893 | C3:0.899]
Epoch 108/200 | LR: 4.80e-05 | Loss: 0.3798 | Dice: 0.1734 | CE: 0.0432 | Focal: 0.0008 | PerClass [C0:0.998 | C1:0.932 | C2:0.894 | C3:0.901]
Epoch 109/200 | LR: 4.72e-05 | Loss: 0.3717 | Dice: 0.1688 | CE: 0.0432 | Focal: 0.0008 | PerClass [C0:0.998 | C1:0.935 | C2:0.905 | C3:0.908]
Epoch 110/200 | LR: 4.64e-05 | Loss: 0.3891 | Dice: 0.1803 | CE: 0.0417 | Focal: 0.0008 | PerClass [C0:0.998 | C1:0.925 | C2:0.895 | C3:0.908]
Epoch 111/200 | LR: 4.56e-05 | Loss: 0.3805 | Dice: 0.1762 | CE: 0.0408 | Focal: 0.0008 | PerClass [C0:0.998 | C1:0.939 | C2:0.905 | C3:0.897]
Epoch 112/200 | LR: 4.48e-05 | Loss: 0.3765 | Dice: 0.1748 | CE: 0.0400 | Focal: 0.0008 | PerClass [C0:0.998 | C1:0.934 | C2:0.895 | C3:0.899]
Epoch 113/200 | LR: 4.40e-05 | Loss: 0.3692 | Dice: 0.1680 | CE: 0.0425 | Focal: 0.0008 | PerClass [C0:0.998 | C1:0.937 | C2:0.897 | C3:0.894]
Epoch 114/200 | LR: 4.32e-05 | Loss: 0.3744 | Dice: 0.1738 | CE: 0.0398 | Focal: 0.0008 | PerClass [C0:0.998 | C1:0.933 | C2:0.896 | C3:0.896]
Epoch 115/200 | LR: 4.24e-05 | Loss: 0.3760 | Dice: 0.1747 | CE: 0.0398 | Focal: 0.0008 | PerClass [C0:0.998 | C1:0.932 | C2:0.904 | C3:0.891]
Epoch 116/200 | LR: 4.15e-05 | Loss: 0.3704 | Dice: 0.1717 | CE: 0.0396 | Focal: 0.0008 | PerClass [C0:0.998 | C1:0.934 | C2:0.902 | C3:0.897]
Epoch 117/200 | LR: 4.07e-05 | Loss: 0.3645 | Dice: 0.1672 | CE: 0.0407 | Focal: 0.0008 | PerClass [C0:0.998 | C1:0.935 | C2:0.906 | C3:0.910]
Epoch 118/200 | LR: 3.99e-05 | Loss: 0.3761 | Dice: 0.1747 | CE: 0.0398 | Focal: 0.0008 | PerClass [C0:0.998 | C1:0.934 | C2:0.897 | C3:0.900]
Epoch 119/200 | LR: 3.91e-05 | Loss: 0.3718 | Dice: 0.1718 | CE: 0.0403 | Focal: 0.0008 | PerClass [C0:0.998 | C1:0.938 | C2:0.905 | C3:0.904]
Epoch 120/200 | LR: 3.83e-05 | Loss: 0.3633 | Dice: 0.1688 | CE: 0.0385 | Focal: 0.0007 | PerClass [C0:0.998 | C1:0.940 | C2:0.894 | C3:0.902]
Epoch 121/200 | LR: 3.76e-05 | Loss: 0.3678 | Dice: 0.1705 | CE: 0.0393 | Focal: 0.0008 | PerClass [C0:0.998 | C1:0.938 | C2:0.902 | C3:0.903]
Epoch 122/200 | LR: 3.68e-05 | Loss: 0.3725 | Dice: 0.1727 | CE: 0.0398 | Focal: 0.0008 | PerClass [C0:0.998 | C1:0.938 | C2:0.894 | C3:0.902]
Epoch 123/200 | LR: 3.60e-05 | Loss: 0.3623 | Dice: 0.1675 | CE: 0.0391 | Focal: 0.0008 | PerClass [C0:0.998 | C1:0.940 | C2:0.902 | C3:0.900]
Epoch 124/200 | LR: 3.52e-05 | Loss: 0.3642 | Dice: 0.1690 | CE: 0.0387 | Focal: 0.0007 | PerClass [C0:0.998 | C1:0.938 | C2:0.897 | C3:0.909]
Epoch 125/200 | LR: 3.44e-05 | Loss: 0.3671 | Dice: 0.1704 | CE: 0.0390 | Focal: 0.0008 | PerClass [C0:0.998 | C1:0.939 | C2:0.899 | C3:0.900]
Epoch 126/200 | LR: 3.37e-05 | Loss: 0.3578 | Dice: 0.1657 | CE: 0.0384 | Focal: 0.0007 | PerClass [C0:0.999 | C1:0.943 | C2:0.909 | C3:0.902]
Epoch 127/200 | LR: 3.29e-05 | Loss: 0.3632 | Dice: 0.1683 | CE: 0.0388 | Focal: 0.0007 | PerClass [C0:0.998 | C1:0.938 | C2:0.912 | C3:0.909]
Epoch 128/200 | LR: 3.21e-05 | Loss: 0.3573 | Dice: 0.1662 | CE: 0.0376 | Focal: 0.0007 | PerClass [C0:0.999 | C1:0.941 | C2:0.911 | C3:0.905]
Epoch 129/200 | LR: 3.14e-05 | Loss: 0.3510 | Dice: 0.1609 | CE: 0.0393 | Focal: 0.0008 | PerClass [C0:0.998 | C1:0.940 | C2:0.910 | C3:0.913]
Epoch 130/200 | LR: 3.06e-05 | Loss: 0.3602 | Dice: 0.1666 | CE: 0.0388 | Focal: 0.0008 | PerClass [C0:0.998 | C1:0.941 | C2:0.897 | C3:0.910]
Epoch 131/200 | LR: 2.99e-05 | Loss: 0.3644 | Dice: 0.1660 | CE: 0.0418 | Focal: 0.0008 | PerClass [C0:0.998 | C1:0.935 | C2:0.904 | C3:0.906]
Epoch 132/200 | LR: 2.91e-05 | Loss: 0.3552 | Dice: 0.1647 | CE: 0.0379 | Focal: 0.0007 | PerClass [C0:0.998 | C1:0.940 | C2:0.905 | C3:0.910]
Epoch 133/200 | LR: 2.84e-05 | Loss: 0.3530 | Dice: 0.1631 | CE: 0.0383 | Focal: 0.0007 | PerClass [C0:0.999 | C1:0.944 | C2:0.902 | C3:0.915]
Epoch 134/200 | LR: 2.77e-05 | Loss: 0.3471 | Dice: 0.1601 | CE: 0.0378 | Focal: 0.0007 | PerClass [C0:0.999 | C1:0.944 | C2:0.914 | C3:0.921]
Epoch 135/200 | LR: 2.69e-05 | Loss: 0.3582 | Dice: 0.1665 | CE: 0.0378 | Focal: 0.0007 | PerClass [C0:0.999 | C1:0.942 | C2:0.908 | C3:0.912]
Epoch 136/200 | LR: 2.62e-05 | Loss: 0.3547 | Dice: 0.1659 | CE: 0.0364 | Focal: 0.0007 | PerClass [C0:0.999 | C1:0.942 | C2:0.913 | C3:0.909]
Epoch 137/200 | LR: 2.55e-05 | Loss: 0.3415 | Dice: 0.1567 | CE: 0.0380 | Focal: 0.0007 | PerClass [C0:0.999 | C1:0.948 | C2:0.912 | C3:0.907]
Epoch 138/200 | LR: 2.48e-05 | Loss: 0.3652 | Dice: 0.1717 | CE: 0.0366 | Focal: 0.0007 | PerClass [C0:0.999 | C1:0.941 | C2:0.905 | C3:0.904]
Epoch 139/200 | LR: 2.41e-05 | Loss: 0.3501 | Dice: 0.1630 | CE: 0.0367 | Focal: 0.0007 | PerClass [C0:0.999 | C1:0.948 | C2:0.907 | C3:0.916]
Epoch 140/200 | LR: 2.34e-05 | Loss: 0.3596 | Dice: 0.1684 | CE: 0.0368 | Focal: 0.0007 | PerClass [C0:0.999 | C1:0.942 | C2:0.901 | C3:0.906]
Epoch 141/200 | LR: 2.27e-05 | Loss: 0.3557 | Dice: 0.1655 | CE: 0.0374 | Focal: 0.0007 | PerClass [C0:0.999 | C1:0.944 | C2:0.898 | C3:0.904]
Epoch 142/200 | LR: 2.21e-05 | Loss: 0.3466 | Dice: 0.1610 | CE: 0.0367 | Focal: 0.0007 | PerClass [C0:0.999 | C1:0.946 | C2:0.904 | C3:0.905]
Epoch 143/200 | LR: 2.14e-05 | Loss: 0.3538 | Dice: 0.1657 | CE: 0.0361 | Focal: 0.0007 | PerClass [C0:0.999 | C1:0.948 | C2:0.903 | C3:0.906]
Epoch 144/200 | LR: 2.07e-05 | Loss: 0.3498 | Dice: 0.1642 | CE: 0.0353 | Focal: 0.0007 | PerClass [C0:0.999 | C1:0.946 | C2:0.906 | C3:0.914]
Epoch 145/200 | LR: 2.01e-05 | Loss: 0.3552 | Dice: 0.1672 | CE: 0.0355 | Focal: 0.0007 | PerClass [C0:0.999 | C1:0.941 | C2:0.910 | C3:0.916]
Epoch 146/200 | LR: 1.95e-05 | Loss: 0.3483 | Dice: 0.1625 | CE: 0.0361 | Focal: 0.0007 | PerClass [C0:0.999 | C1:0.948 | C2:0.904 | C3:0.911]
Epoch 147/200 | LR: 1.88e-05 | Loss: 0.3532 | Dice: 0.1638 | CE: 0.0377 | Focal: 0.0007 | PerClass [C0:0.999 | C1:0.945 | C2:0.909 | C3:0.914]
Epoch 148/200 | LR: 1.82e-05 | Loss: 0.3399 | Dice: 0.1578 | CE: 0.0360 | Focal: 0.0007 | PerClass [C0:0.999 | C1:0.939 | C2:0.910 | C3:0.921]
Epoch 149/200 | LR: 1.76e-05 | Loss: 0.3419 | Dice: 0.1592 | CE: 0.0359 | Focal: 0.0007 | PerClass [C0:0.999 | C1:0.947 | C2:0.915 | C3:0.912]
Epoch 150/200 | LR: 1.70e-05 | Loss: 0.3380 | Dice: 0.1553 | CE: 0.0375 | Focal: 0.0007 | PerClass [C0:0.999 | C1:0.951 | C2:0.912 | C3:0.907]
Epoch 151/200 | LR: 1.64e-05 | Loss: 0.3367 | Dice: 0.1565 | CE: 0.0355 | Focal: 0.0007 | PerClass [C0:0.999 | C1:0.948 | C2:0.913 | C3:0.911]
Epoch 152/200 | LR: 1.58e-05 | Loss: 0.3395 | Dice: 0.1572 | CE: 0.0364 | Focal: 0.0007 | PerClass [C0:0.999 | C1:0.947 | C2:0.913 | C3:0.927]
Epoch 153/200 | LR: 1.52e-05 | Loss: 0.3410 | Dice: 0.1595 | CE: 0.0350 | Focal: 0.0007 | PerClass [C0:0.999 | C1:0.952 | C2:0.909 | C3:0.911]
Epoch 154/200 | LR: 1.46e-05 | Loss: 0.3467 | Dice: 0.1619 | CE: 0.0358 | Focal: 0.0007 | PerClass [C0:0.999 | C1:0.951 | C2:0.909 | C3:0.918]
Epoch 155/200 | LR: 1.41e-05 | Loss: 0.3388 | Dice: 0.1580 | CE: 0.0353 | Focal: 0.0007 | PerClass [C0:0.999 | C1:0.954 | C2:0.907 | C3:0.906]
Epoch 156/200 | LR: 1.35e-05 | Loss: 0.3344 | Dice: 0.1553 | CE: 0.0355 | Focal: 0.0007 | PerClass [C0:0.999 | C1:0.951 | C2:0.909 | C3:0.915]
Epoch 157/200 | LR: 1.30e-05 | Loss: 0.3391 | Dice: 0.1588 | CE: 0.0347 | Focal: 0.0007 | PerClass [C0:0.999 | C1:0.950 | C2:0.910 | C3:0.911]
Epoch 158/200 | LR: 1.25e-05 | Loss: 0.3457 | Dice: 0.1617 | CE: 0.0355 | Focal: 0.0007 | PerClass [C0:0.999 | C1:0.950 | C2:0.913 | C3:0.915]
Epoch 159/200 | LR: 1.19e-05 | Loss: 0.3410 | Dice: 0.1592 | CE: 0.0353 | Focal: 0.0007 | PerClass [C0:0.999 | C1:0.953 | C2:0.907 | C3:0.919]
Epoch 160/200 | LR: 1.14e-05 | Loss: 0.3418 | Dice: 0.1597 | CE: 0.0353 | Focal: 0.0007 | PerClass [C0:0.999 | C1:0.946 | C2:0.910 | C3:0.917]
Epoch 161/200 | LR: 1.09e-05 | Loss: 0.3309 | Dice: 0.1532 | CE: 0.0356 | Focal: 0.0007 | PerClass [C0:0.999 | C1:0.953 | C2:0.913 | C3:0.911]
Epoch 162/200 | LR: 1.05e-05 | Loss: 0.3336 | Dice: 0.1553 | CE: 0.0349 | Focal: 0.0007 | PerClass [C0:0.999 | C1:0.952 | C2:0.916 | C3:0.913]
Epoch 163/200 | LR: 9.98e-06 | Loss: 0.3428 | Dice: 0.1608 | CE: 0.0348 | Focal: 0.0007 | PerClass [C0:0.999 | C1:0.951 | C2:0.916 | C3:0.911]
Epoch 164/200 | LR: 9.51e-06 | Loss: 0.3386 | Dice: 0.1579 | CE: 0.0353 | Focal: 0.0007 | PerClass [C0:0.999 | C1:0.951 | C2:0.915 | C3:0.921]
Epoch 165/200 | LR: 9.06e-06 | Loss: 0.3301 | Dice: 0.1536 | CE: 0.0347 | Focal: 0.0007 | PerClass [C0:0.999 | C1:0.953 | C2:0.916 | C3:0.916]
Epoch 166/200 | LR: 8.62e-06 | Loss: 0.3461 | Dice: 0.1621 | CE: 0.0353 | Focal: 0.0007 | PerClass [C0:0.999 | C1:0.954 | C2:0.904 | C3:0.918]
Epoch 167/200 | LR: 8.19e-06 | Loss: 0.3407 | Dice: 0.1600 | CE: 0.0344 | Focal: 0.0007 | PerClass [C0:0.999 | C1:0.954 | C2:0.903 | C3:0.919]
Epoch 168/200 | LR: 7.77e-06 | Loss: 0.3297 | Dice: 0.1525 | CE: 0.0356 | Focal: 0.0007 | PerClass [C0:0.999 | C1:0.954 | C2:0.917 | C3:0.927]
Epoch 169/200 | LR: 7.36e-06 | Loss: 0.3405 | Dice: 0.1591 | CE: 0.0352 | Focal: 0.0007 | PerClass [C0:0.999 | C1:0.954 | C2:0.904 | C3:0.920]
Epoch 170/200 | LR: 6.97e-06 | Loss: 0.3368 | Dice: 0.1580 | CE: 0.0341 | Focal: 0.0007 | PerClass [C0:0.999 | C1:0.953 | C2:0.906 | C3:0.914]
Epoch 171/200 | LR: 6.58e-06 | Loss: 0.3353 | Dice: 0.1571 | CE: 0.0342 | Focal: 0.0006 | PerClass [C0:0.999 | C1:0.952 | C2:0.916 | C3:0.913]
Epoch 172/200 | LR: 6.21e-06 | Loss: 0.3409 | Dice: 0.1605 | CE: 0.0340 | Focal: 0.0006 | PerClass [C0:0.999 | C1:0.951 | C2:0.910 | C3:0.914]
Epoch 173/200 | LR: 5.85e-06 | Loss: 0.3446 | Dice: 0.1626 | CE: 0.0340 | Focal: 0.0006 | PerClass [C0:0.999 | C1:0.953 | C2:0.910 | C3:0.922]
Epoch 174/200 | LR: 5.50e-06 | Loss: 0.3214 | Dice: 0.1486 | CE: 0.0347 | Focal: 0.0007 | PerClass [C0:0.999 | C1:0.954 | C2:0.918 | C3:0.922]
Epoch 175/200 | LR: 5.17e-06 | Loss: 0.3400 | Dice: 0.1595 | CE: 0.0344 | Focal: 0.0007 | PerClass [C0:0.999 | C1:0.950 | C2:0.913 | C3:0.922]
Epoch 176/200 | LR: 4.85e-06 | Loss: 0.3268 | Dice: 0.1520 | CE: 0.0344 | Focal: 0.0007 | PerClass [C0:0.999 | C1:0.955 | C2:0.914 | C3:0.916]
Epoch 177/200 | LR: 4.54e-06 | Loss: 0.3295 | Dice: 0.1540 | CE: 0.0340 | Focal: 0.0006 | PerClass [C0:0.999 | C1:0.950 | C2:0.913 | C3:0.926]
Epoch 178/200 | LR: 4.24e-06 | Loss: 0.3316 | Dice: 0.1549 | CE: 0.0342 | Focal: 0.0007 | PerClass [C0:0.999 | C1:0.951 | C2:0.912 | C3:0.921]
Epoch 179/200 | LR: 3.95e-06 | Loss: 0.3323 | Dice: 0.1554 | CE: 0.0342 | Focal: 0.0007 | PerClass [C0:0.999 | C1:0.959 | C2:0.913 | C3:0.918]
Epoch 180/200 | LR: 3.68e-06 | Loss: 0.3348 | Dice: 0.1562 | CE: 0.0347 | Focal: 0.0007 | PerClass [C0:0.999 | C1:0.951 | C2:0.915 | C3:0.924]
Epoch 181/200 | LR: 3.42e-06 | Loss: 0.3223 | Dice: 0.1496 | CE: 0.0343 | Focal: 0.0007 | PerClass [C0:0.999 | C1:0.957 | C2:0.919 | C3:0.924]
Epoch 182/200 | LR: 3.18e-06 | Loss: 0.3401 | Dice: 0.1602 | CE: 0.0338 | Focal: 0.0006 | PerClass [C0:0.999 | C1:0.956 | C2:0.910 | C3:0.921]
Epoch 183/200 | LR: 2.94e-06 | Loss: 0.3362 | Dice: 0.1579 | CE: 0.0339 | Focal: 0.0006 | PerClass [C0:0.999 | C1:0.953 | C2:0.912 | C3:0.916]
Epoch 184/200 | LR: 2.72e-06 | Loss: 0.3302 | Dice: 0.1539 | CE: 0.0344 | Focal: 0.0007 | PerClass [C0:0.999 | C1:0.953 | C2:0.912 | C3:0.919]
Epoch 185/200 | LR: 2.51e-06 | Loss: 0.3393 | Dice: 0.1598 | CE: 0.0338 | Focal: 0.0006 | PerClass [C0:0.999 | C1:0.953 | C2:0.910 | C3:0.915]
Epoch 186/200 | LR: 2.32e-06 | Loss: 0.3324 | Dice: 0.1558 | CE: 0.0339 | Focal: 0.0006 | PerClass [C0:0.999 | C1:0.955 | C2:0.916 | C3:0.912]
Epoch 187/200 | LR: 2.14e-06 | Loss: 0.3331 | Dice: 0.1560 | CE: 0.0340 | Focal: 0.0006 | PerClass [C0:0.999 | C1:0.955 | C2:0.923 | C3:0.916]
Epoch 188/200 | LR: 1.97e-06 | Loss: 0.3441 | Dice: 0.1625 | CE: 0.0338 | Focal: 0.0006 | PerClass [C0:0.999 | C1:0.954 | C2:0.902 | C3:0.927]
Epoch 189/200 | LR: 1.82e-06 | Loss: 0.3348 | Dice: 0.1573 | CE: 0.0337 | Focal: 0.0006 | PerClass [C0:0.999 | C1:0.955 | C2:0.910 | C3:0.912]
Epoch 190/200 | LR: 1.68e-06 | Loss: 0.3313 | Dice: 0.1553 | CE: 0.0337 | Focal: 0.0006 | PerClass [C0:0.999 | C1:0.955 | C2:0.917 | C3:0.920]
Epoch 191/200 | LR: 1.55e-06 | Loss: 0.3293 | Dice: 0.1537 | CE: 0.0341 | Focal: 0.0007 | PerClass [C0:0.999 | C1:0.955 | C2:0.917 | C3:0.920]
Epoch 192/200 | LR: 1.43e-06 | Loss: 0.3343 | Dice: 0.1570 | CE: 0.0337 | Focal: 0.0006 | PerClass [C0:0.999 | C1:0.952 | C2:0.912 | C3:0.920]
Epoch 193/200 | LR: 1.33e-06 | Loss: 0.3286 | Dice: 0.1538 | CE: 0.0337 | Focal: 0.0006 | PerClass [C0:0.999 | C1:0.957 | C2:0.909 | C3:0.923]
Epoch 194/200 | LR: 1.24e-06 | Loss: 0.3230 | Dice: 0.1508 | CE: 0.0335 | Focal: 0.0006 | PerClass [C0:0.999 | C1:0.959 | C2:0.911 | C3:0.921]
Epoch 195/200 | LR: 1.17e-06 | Loss: 0.3332 | Dice: 0.1564 | CE: 0.0337 | Focal: 0.0006 | PerClass [C0:0.999 | C1:0.956 | C2:0.911 | C3:0.917]
Epoch 196/200 | LR: 1.11e-06 | Loss: 0.3252 | Dice: 0.1518 | CE: 0.0337 | Focal: 0.0006 | PerClass [C0:0.999 | C1:0.955 | C2:0.912 | C3:0.919]
Epoch 197/200 | LR: 1.06e-06 | Loss: 0.3258 | Dice: 0.1527 | CE: 0.0332 | Focal: 0.0006 | PerClass [C0:0.999 | C1:0.956 | C2:0.911 | C3:0.916]
Epoch 198/200 | LR: 1.03e-06 | Loss: 0.3299 | Dice: 0.1543 | CE: 0.0339 | Focal: 0.0007 | PerClass [C0:0.999 | C1:0.956 | C2:0.913 | C3:0.926]
Epoch 199/200 | LR: 1.01e-06 | Loss: 0.3312 | Dice: 0.1545 | CE: 0.0344 | Focal: 0.0007 | PerClass [C0:0.999 | C1:0.952 | C2:0.916 | C3:0.917]
Training Finished
Training Completed
